0 verbose cli C:\Program Files\nodejs\node.exe C:\Users\alchi\AppData\Roaming\npm\node_modules\npm\bin\npm-cli.js
1 info using npm@10.8.2
2 info using node@v20.13.1
3 silly config load:file:C:\Users\alchi\AppData\Roaming\npm\node_modules\npm\npmrc
4 silly config load:file:c:\xampp\htdocs\webpage_stable_new\.npmrc
5 silly config load:file:C:\Users\alchi\.npmrc
6 silly config load:file:C:\Users\alchi\AppData\Roaming\npm\etc\npmrc
7 verbose title npm view browser-sync description dist-tags.latest homepage version time
8 verbose argv "view" "--json" "--" "browser-sync" "description" "dist-tags.latest" "homepage" "version" "time"
9 verbose logfile logs-max:10 dir:C:\xampp\htdocs\webpage_stable_new\UsersalchiAppDataRoamingnpm-cache\_logs\2024-07-26T22_08_15_953Z-
10 verbose logfile C:\xampp\htdocs\webpage_stable_new\UsersalchiAppDataRoamingnpm-cache\_logs\2024-07-26T22_08_15_953Z-debug-0.log
11 silly logfile start cleaning logs, removing 1 files
12 silly logfile done cleaning log files
13 http fetch GET 200 https://registry.npmjs.org/browser-sync 710ms (cache revalidated)
14 verbose cwd c:\xampp\htdocs\webpage_stable_new
15 verbose os Windows_NT 10.0.22631
16 verbose node v20.13.1
17 verbose npm  v10.8.2
18 verbose exit 0
19 info ok
