0 verbose cli C:\Program Files\nodejs\node.exe C:\Users\alchi\AppData\Roaming\npm\node_modules\npm\bin\npm-cli.js
1 info using npm@10.8.2
2 info using node@v20.13.1
3 silly config load:file:C:\Users\alchi\AppData\Roaming\npm\node_modules\npm\npmrc
4 silly config load:file:C:\xampp\htdocs\webpage_stable_new\.npmrc
5 silly config load:file:C:\Users\alchi\.npmrc
6 silly config load:file:C:\Users\alchi\AppData\Roaming\npm\etc\npmrc
7 verbose title npm install gulp gulp-uglify gulp-clean-css gulp-rename
8 verbose argv "install" "gulp" "gulp-uglify" "gulp-clean-css" "gulp-rename"
9 verbose logfile logs-max:10 dir:C:\xampp\htdocs\webpage_stable_new\UsersalchiAppDataRoamingnpm-cache\_logs\2024-07-26T21_28_29_510Z-
10 verbose logfile C:\xampp\htdocs\webpage_stable_new\UsersalchiAppDataRoamingnpm-cache\_logs\2024-07-26T21_28_29_510Z-debug-0.log
11 silly packumentCache heap:4345298944 maxSize:1086324736 maxEntrySize:543162368
12 silly logfile start cleaning logs, removing 1 files
13 silly logfile done cleaning log files
14 silly idealTree buildDeps
15 silly fetch manifest gulp@^5.0.0
16 silly packumentCache full:https://registry.npmjs.org/gulp cache-miss
17 http fetch GET 200 https://registry.npmjs.org/gulp 891ms (cache revalidated)
18 silly packumentCache full:https://registry.npmjs.org/gulp set size:153282 disposed:false
19 silly fetch manifest gulp-clean-css@^4.3.0
20 silly packumentCache full:https://registry.npmjs.org/gulp-clean-css cache-miss
21 http fetch GET 200 https://registry.npmjs.org/gulp-clean-css 583ms (cache revalidated)
22 silly packumentCache full:https://registry.npmjs.org/gulp-clean-css set size:122729 disposed:false
23 silly fetch manifest gulp-rename@^2.0.0
24 silly packumentCache full:https://registry.npmjs.org/gulp-rename cache-miss
25 http fetch GET 200 https://registry.npmjs.org/gulp-rename 31ms (cache revalidated)
26 silly packumentCache full:https://registry.npmjs.org/gulp-rename set size:29971 disposed:false
27 silly fetch manifest gulp-uglify@^3.0.2
28 silly packumentCache full:https://registry.npmjs.org/gulp-uglify cache-miss
29 http fetch GET 200 https://registry.npmjs.org/gulp-uglify 35ms (cache revalidated)
30 silly packumentCache full:https://registry.npmjs.org/gulp-uglify set size:73521 disposed:false
31 silly placeDep ROOT gulp@5.0.0 REPLACE for: alcoralcor@1.0.0 want: ^5.0.0
32 silly placeDep ROOT gulp-clean-css@4.3.0 REPLACE for: alcoralcor@1.0.0 want: ^4.3.0
33 silly placeDep ROOT gulp-rename@2.0.0 REPLACE for: alcoralcor@1.0.0 want: ^2.0.0
34 silly placeDep ROOT gulp-uglify@3.0.2 REPLACE for: alcoralcor@1.0.0 want: ^3.0.2
35 silly reify moves {}
36 silly audit bulk request {
36 silly audit   '@discoveryjs/json-ext': [ '0.5.7' ],
36 silly audit   '@gulp-sourcemaps/identity-map': [ '1.0.2' ],
36 silly audit   'normalize-path': [ '2.1.1', '3.0.0' ],
36 silly audit   through2: [ '2.0.5', '0.6.5', '3.0.1' ],
36 silly audit   '@gulp-sourcemaps/map-sources': [ '1.0.0' ],
36 silly audit   '@gulpjs/messages': [ '1.1.0' ],
36 silly audit   '@gulpjs/to-absolute-glob': [ '4.0.0' ],
36 silly audit   '@jridgewell/gen-mapping': [ '0.3.5' ],
36 silly audit   '@jridgewell/resolve-uri': [ '3.1.2' ],
36 silly audit   '@jridgewell/set-array': [ '1.2.1' ],
36 silly audit   '@jridgewell/source-map': [ '0.3.6' ],
36 silly audit   '@jridgewell/sourcemap-codec': [ '1.5.0' ],
36 silly audit   '@jridgewell/trace-mapping': [ '0.3.25' ],
36 silly audit   '@prettier/plugin-php': [ '0.22.2' ],
36 silly audit   '@socket.io/component-emitter': [ '3.1.2' ],
36 silly audit   '@types/cookie': [ '0.4.1' ],
36 silly audit   '@types/cors': [ '2.8.17' ],
36 silly audit   '@types/eslint': [ '9.6.0' ],
36 silly audit   '@types/eslint-scope': [ '3.7.7' ],
36 silly audit   '@types/estree': [ '1.0.5' ],
36 silly audit   '@types/json-schema': [ '7.0.15' ],
36 silly audit   '@types/node': [ '20.14.12' ],
36 silly audit   '@types/q': [ '1.5.8' ],
36 silly audit   '@webassemblyjs/ast': [ '1.12.1' ],
36 silly audit   '@webassemblyjs/floating-point-hex-parser': [ '1.11.6' ],
36 silly audit   '@webassemblyjs/helper-api-error': [ '1.11.6' ],
36 silly audit   '@webassemblyjs/helper-buffer': [ '1.12.1' ],
36 silly audit   '@webassemblyjs/helper-numbers': [ '1.11.6' ],
36 silly audit   '@webassemblyjs/helper-wasm-bytecode': [ '1.11.6' ],
36 silly audit   '@webassemblyjs/helper-wasm-section': [ '1.12.1' ],
36 silly audit   '@webassemblyjs/ieee754': [ '1.11.6' ],
36 silly audit   '@webassemblyjs/leb128': [ '1.11.6' ],
36 silly audit   '@webassemblyjs/utf8': [ '1.11.6' ],
36 silly audit   '@webassemblyjs/wasm-edit': [ '1.12.1' ],
36 silly audit   '@webassemblyjs/wasm-gen': [ '1.12.1' ],
36 silly audit   '@webassemblyjs/wasm-opt': [ '1.12.1' ],
36 silly audit   '@webassemblyjs/wasm-parser': [ '1.12.1' ],
36 silly audit   '@webassemblyjs/wast-printer': [ '1.12.1' ],
36 silly audit   '@webpack-cli/configtest': [ '2.1.1' ],
36 silly audit   '@webpack-cli/info': [ '2.0.2' ],
36 silly audit   '@webpack-cli/serve': [ '2.0.5' ],
36 silly audit   '@xtuc/ieee754': [ '1.2.0' ],
36 silly audit   '@xtuc/long': [ '4.2.2' ],
36 silly audit   accepts: [ '1.3.8' ],
36 silly audit   acorn: [ '5.7.4', '8.12.1' ],
36 silly audit   ajv: [ '6.12.6' ],
36 silly audit   'ajv-keywords': [ '3.5.2' ],
36 silly audit   'ansi-colors': [ '1.1.0' ],
36 silly audit   'ansi-cyan': [ '0.1.1' ],
36 silly audit   'ansi-gray': [ '0.1.1' ],
36 silly audit   'ansi-red': [ '0.1.1' ],
36 silly audit   'ansi-regex': [ '5.0.1', '2.1.1' ],
36 silly audit   'ansi-styles': [ '4.3.0', '3.2.1', '2.2.1' ],
36 silly audit   'ansi-wrap': [ '0.1.0' ],
36 silly audit   anymatch: [ '3.1.3' ],
36 silly audit   'archive-type': [ '3.2.0' ],
36 silly audit   'file-type': [ '3.9.0', '4.4.0' ],
36 silly audit   argparse: [ '1.0.10' ],
36 silly audit   'arr-diff': [ '4.0.0', '2.0.0', '1.1.0' ],
36 silly audit   'arr-flatten': [ '1.1.0' ],
36 silly audit   'arr-union': [ '3.1.0', '2.1.0' ],
36 silly audit   'array-buffer-byte-length': [ '1.0.1' ],
36 silly audit   'array-differ': [ '1.0.0' ],
36 silly audit   'array-each': [ '1.0.1' ],
36 silly audit   'array-find-index': [ '1.0.2' ],
36 silly audit   'array-slice': [ '1.1.0', '0.2.3' ],
36 silly audit   'array-union': [ '1.0.2' ],
36 silly audit   'array-uniq': [ '1.0.3' ],
36 silly audit   'array-unique': [ '0.2.1' ],
36 silly audit   'array.prototype.reduce': [ '1.0.7' ],
36 silly audit   'arraybuffer.prototype.slice': [ '1.0.3' ],
36 silly audit   'assign-symbols': [ '1.0.0' ],
36 silly audit   async: [ '2.6.4' ],
36 silly audit   'async-done': [ '2.0.0' ],
36 silly audit   'async-each-series': [ '0.1.1', '1.1.0' ],
36 silly audit   'async-settle': [ '2.0.0' ],
36 silly audit   atob: [ '2.1.2' ],
36 silly audit   'available-typed-arrays': [ '1.0.7' ],
36 silly audit   b4a: [ '1.6.6' ],
36 silly audit   bach: [ '2.0.1' ],
36 silly audit   'balanced-match': [ '1.0.2' ],
36 silly audit   'bare-events': [ '2.4.2' ],
36 silly audit   'base64-js': [ '1.5.1' ],
36 silly audit   base64id: [ '2.0.0' ],
36 silly audit   batch: [ '0.6.1' ],
36 silly audit   beeper: [ '1.1.1' ],
36 silly audit   'bin-build': [ '2.2.0' ],
36 silly audit   tempfile: [ '1.1.1', '2.0.0' ],
36 silly audit   'bin-check': [ '2.0.0' ],
36 silly audit   'bin-version': [ '1.0.4' ],
36 silly audit   'bin-version-check': [ '2.1.0' ],
36 silly audit   semver: [ '4.3.6', '5.7.2', '7.6.3', '6.3.1' ],
36 silly audit   'bin-wrapper': [ '3.0.2' ],
36 silly audit   'binary-extensions': [ '2.3.0' ],
36 silly audit   bl: [ '1.2.3', '5.1.0' ],
36 silly audit   boolbase: [ '1.0.0' ],
36 silly audit   'brace-expansion': [ '1.1.11' ],
36 silly audit   braces: [ '3.0.3', '1.8.5' ],
36 silly audit   'browser-sync': [ '3.0.2' ],
36 silly audit   'browser-sync-client': [ '3.0.2' ],
36 silly audit   'browser-sync-ui': [ '3.0.2' ],
36 silly audit   browserslist: [ '4.23.2' ],
36 silly audit   'bs-recipes': [ '1.3.4' ],
36 silly audit   buffer: [ '6.0.3' ],
36 silly audit   'buffer-alloc': [ '1.2.0' ],
36 silly audit   'buffer-alloc-unsafe': [ '1.1.0' ],
36 silly audit   'buffer-crc32': [ '0.2.13' ],
36 silly audit   'buffer-fill': [ '1.0.0' ],
36 silly audit   'buffer-from': [ '1.1.2', '0.1.2' ],
36 silly audit   'buffer-to-vinyl': [ '1.1.0' ],
36 silly audit   bytes: [ '3.1.2' ],
36 silly audit   'call-bind': [ '1.0.7' ],
36 silly audit   camelcase: [ '2.1.1' ],
36 silly audit   'camelcase-keys': [ '2.1.0' ],
36 silly audit   'caniuse-lite': [ '1.0.30001643' ],
36 silly audit   'capture-stack-trace': [ '1.0.2' ],
36 silly audit   caw: [ '1.2.0' ],
36 silly audit   'object-assign': [ '3.0.0', '2.1.1', '4.1.1' ],
36 silly audit   chalk: [ '4.1.2', '2.4.2', '1.1.3' ],
36 silly audit   chokidar: [ '3.6.0' ],
36 silly audit   'chrome-trace-event': [ '1.0.4' ],
36 silly audit   'clean-css': [ '4.2.3' ],
36 silly audit   cliui: [ '8.0.1', '7.0.4' ],
36 silly audit   clone: [ '1.0.4', '0.2.0', '2.1.2' ],
36 silly audit   'clone-deep': [ '4.0.1' ],
36 silly audit   'is-plain-object': [ '2.0.4', '5.0.0' ],
36 silly audit   'clone-stats': [ '0.0.1', '1.0.0' ],
36 silly audit   co: [ '3.1.0' ],
36 silly audit   coa: [ '2.0.2' ],
36 silly audit   'color-convert': [ '1.9.3', '2.0.1' ],
36 silly audit   'color-name': [ '1.1.3', '1.1.4' ],
36 silly audit   'has-flag': [ '3.0.0', '4.0.0' ],
36 silly audit   'supports-color': [ '5.5.0', '2.0.0', '8.1.1', '7.2.0' ],
36 silly audit   'color-support': [ '1.1.3' ],
36 silly audit   colorette: [ '2.0.20' ],
36 silly audit   commander: [ '2.20.3', '10.0.1' ],
36 silly audit   'concat-map': [ '0.0.1' ],
36 silly audit   'concat-stream': [ '1.6.2' ],
36 silly audit   connect: [ '3.6.6' ],
36 silly audit   'connect-history-api-fallback': [ '1.6.0' ],
36 silly audit   'console-stream': [ '0.1.1' ],
36 silly audit   'convert-source-map': [ '1.9.0', '2.0.0' ],
36 silly audit   cookie: [ '0.4.2' ],
36 silly audit   'copy-props': [ '4.0.0' ],
36 silly audit   'core-util-is': [ '1.0.3' ],
36 silly audit   cors: [ '2.8.5' ],
36 silly audit   'create-error-class': [ '3.0.2' ],
36 silly audit   'cross-spawn': [ '5.1.0', '7.0.3' ],
36 silly audit   css: [ '2.2.4' ],
36 silly audit   'css-loader': [ '7.1.2' ],
36 silly audit   'css-select': [ '2.1.0' ],
36 silly audit   'css-select-base-adapter': [ '0.1.1' ],
36 silly audit   'css-tree': [ '1.0.0-alpha.37', '1.1.3' ],
36 silly audit   'css-what': [ '3.4.2' ],
36 silly audit   cssesc: [ '3.0.0' ],
36 silly audit   csso: [ '4.2.0' ],
36 silly audit   'mdn-data': [ '2.0.14', '2.0.4' ],
36 silly audit   'currently-unhandled': [ '0.4.1' ],
36 silly audit   d: [ '1.0.2' ],
36 silly audit   'data-view-buffer': [ '1.0.1' ],
36 silly audit   'data-view-byte-length': [ '1.0.1' ],
36 silly audit   'data-view-byte-offset': [ '1.0.0' ],
36 silly audit   dateformat: [ '2.2.0' ],
36 silly audit   debug: [ '2.6.9', '3.2.7', '4.3.5' ],
36 silly audit   'debug-fabulous': [ '1.1.0' ],
36 silly audit   ms: [ '2.1.3', '2.1.2', '2.0.0' ],
36 silly audit   decamelize: [ '1.2.0' ],
36 silly audit   'decode-uri-component': [ '0.2.2' ],
36 silly audit   decompress: [ '3.0.0' ],
36 silly audit   'decompress-tar': [ '3.1.0' ],
36 silly audit   isarray: [ '0.0.1', '1.0.0', '2.0.5' ],
36 silly audit   'readable-stream': [ '1.0.34', '1.1.14', '2.3.8', '3.6.2' ],
36 silly audit   string_decoder: [ '0.10.31', '1.1.1' ],
36 silly audit   vinyl: [ '0.4.6', '0.5.3', '1.2.0', '3.0.0' ],
36 silly audit   'decompress-tarbz2': [ '3.1.0' ],
36 silly audit   'decompress-targz': [ '3.1.0' ],
36 silly audit   'decompress-unzip': [ '3.4.0' ],
36 silly audit   glob: [ '5.0.15', '7.2.3' ],
36 silly audit   'glob-parent': [ '3.1.0', '2.0.0', '5.1.2', '6.0.2' ],
36 silly audit   'glob-stream': [ '5.3.5', '8.0.2' ],
36 silly audit   'gulp-sourcemaps': [ '1.6.0', '2.6.5' ],
36 silly audit   'is-glob': [ '3.1.0', '2.0.1', '4.0.3' ],
36 silly audit   'is-valid-glob': [ '0.3.0', '1.0.0' ],
36 silly audit   'kind-of': [ '3.2.2', '1.1.0', '6.0.3' ],
36 silly audit   'merge-stream': [ '1.0.1', '2.0.0' ],
36 silly audit   micromatch: [ '2.3.11', '4.0.7' ],
36 silly audit   'is-extglob': [ '1.0.0', '2.1.1' ],
36 silly audit   'vinyl-fs': [ '2.4.4', '4.0.0' ],
36 silly audit   'deep-extend': [ '0.6.0' ],
36 silly audit   'define-data-property': [ '1.1.4' ],
36 silly audit   'define-properties': [ '1.2.1' ],
36 silly audit   depd: [ '2.0.0', '1.1.2' ],
36 silly audit   destroy: [ '1.0.4' ],
36 silly audit   'detect-file': [ '1.0.0' ],
36 silly audit   'detect-newline': [ '2.1.0' ],
36 silly audit   'dev-ip': [ '1.0.1' ],
36 silly audit   'dom-serializer': [ '0.2.2' ],
36 silly audit   domelementtype: [ '2.3.0', '1.3.1' ],
36 silly audit   domutils: [ '1.7.0' ],
36 silly audit   download: [ '4.4.3' ],
36 silly audit   'gulp-rename': [ '1.4.0', '2.0.0' ],
36 silly audit   duplexer2: [ '0.1.4', '0.0.2' ],
36 silly audit   duplexify: [ '3.7.1' ],
36 silly audit   'each-async': [ '1.1.1' ],
36 silly audit   'each-props': [ '3.0.0' ],
36 silly audit   'easy-extender': [ '2.3.4' ],
36 silly audit   'eazy-logger': [ '4.0.1' ],
36 silly audit   'ee-first': [ '1.1.1' ],
36 silly audit   'electron-to-chromium': [ '1.5.2' ],
36 silly audit   'emoji-regex': [ '8.0.0' ],
36 silly audit   encodeurl: [ '1.0.2' ],
36 silly audit   'end-of-stream': [ '1.4.4' ],
36 silly audit   'engine.io': [ '6.5.5' ],
36 silly audit   'engine.io-client': [ '6.5.4' ],
36 silly audit   'engine.io-parser': [ '5.2.3' ],
36 silly audit   'enhanced-resolve': [ '5.17.1' ],
36 silly audit   entities: [ '2.2.0' ],
36 silly audit   envinfo: [ '7.13.0' ],
36 silly audit   'error-ex': [ '1.3.2' ],
36 silly audit   'es-abstract': [ '1.23.3' ],
36 silly audit   'es-array-method-boxes-properly': [ '1.0.0' ],
36 silly audit   'es-define-property': [ '1.0.0' ],
36 silly audit   'es-errors': [ '1.3.0' ],
36 silly audit   'es-module-lexer': [ '1.5.4' ],
36 silly audit   'es-object-atoms': [ '1.0.0' ],
36 silly audit   'es-set-tostringtag': [ '2.0.3' ],
36 silly audit   'es-to-primitive': [ '1.2.1' ],
36 silly audit   'es5-ext': [ '0.10.64' ],
36 silly audit   'es6-iterator': [ '2.0.3' ],
36 silly audit   'es6-symbol': [ '3.1.4' ],
36 silly audit   'es6-weak-map': [ '2.0.3' ],
36 silly audit   escalade: [ '3.1.2' ],
36 silly audit   'escape-html': [ '1.0.3' ],
36 silly audit   'escape-string-regexp': [ '1.0.5' ],
36 silly audit   'eslint-scope': [ '5.1.1' ],
36 silly audit   esniff: [ '2.0.1' ],
36 silly audit   esprima: [ '4.0.1' ],
36 silly audit   esrecurse: [ '4.3.0' ],
36 silly audit   estraverse: [ '5.3.0', '4.3.0' ],
36 silly audit   etag: [ '1.8.1' ],
36 silly audit   'event-emitter': [ '0.3.5' ],
36 silly audit   eventemitter3: [ '4.0.7' ],
36 silly audit   events: [ '3.3.0' ],
36 silly audit   'exec-buffer': [ '3.2.0' ],
36 silly audit   pify: [ '3.0.0', '2.3.0' ],
36 silly audit   'exec-series': [ '1.0.3' ],
36 silly audit   execa: [ '0.7.0' ],
36 silly audit   executable: [ '1.1.0' ],
36 silly audit   'expand-brackets': [ '0.1.5' ],
36 silly audit   'expand-range': [ '1.8.2' ],
36 silly audit   'fill-range': [ '2.2.4', '7.1.1' ],
36 silly audit   'is-number': [ '2.1.0', '7.0.0', '4.0.0' ],
36 silly audit   isobject: [ '2.1.0', '3.0.1' ],
36 silly audit   'expand-tilde': [ '2.0.2' ],
36 silly audit   ext: [ '1.7.0' ],
36 silly audit   extend: [ '3.0.2' ],
36 silly audit   'extend-shallow': [ '3.0.2', '1.1.4', '2.0.1' ],
36 silly audit   extglob: [ '0.3.2' ],
36 silly audit   'fancy-log': [ '1.3.3' ],
36 silly audit   'fast-deep-equal': [ '3.1.3' ],
36 silly audit   'fast-fifo': [ '1.3.2' ],
36 silly audit   'fast-json-stable-stringify': [ '2.1.0' ],
36 silly audit   'fast-levenshtein': [ '3.0.0' ],
36 silly audit   'fastest-levenshtein': [ '1.0.16' ],
36 silly audit   fastq: [ '1.17.1' ],
36 silly audit   'fd-slicer': [ '1.1.0' ],
36 silly audit   figures: [ '1.7.0' ],
36 silly audit   'filename-regex': [ '2.0.1' ],
36 silly audit   'filename-reserved-regex': [ '1.0.0' ],
36 silly audit   filenamify: [ '1.2.1' ],
36 silly audit   finalhandler: [ '1.1.0' ],
36 silly audit   'find-up': [ '1.1.2', '4.1.0' ],
36 silly audit   'find-versions': [ '1.2.1' ],
36 silly audit   'findup-sync': [ '5.0.0' ],
36 silly audit   fined: [ '2.0.0' ],
36 silly audit   'first-chunk-stream': [ '1.0.0' ],
36 silly audit   'flagged-respawn': [ '2.0.0' ],
36 silly audit   flat: [ '5.0.2' ],
36 silly audit   'follow-redirects': [ '1.15.6' ],
36 silly audit   'for-each': [ '0.3.3' ],
36 silly audit   'for-in': [ '1.0.2' ],
36 silly audit   'for-own': [ '1.0.0', '0.1.5' ],
36 silly audit   fresh: [ '0.5.2' ],
36 silly audit   'fs-constants': [ '1.0.0' ],
36 silly audit   'fs-extra': [ '3.0.1' ],
36 silly audit   'fs-mkdirp-stream': [ '2.0.1' ],
36 silly audit   'fs.realpath': [ '1.0.0' ],
36 silly audit   fsevents: [ '2.3.3' ],
36 silly audit   'function-bind': [ '1.1.2' ],
36 silly audit   'function.prototype.name': [ '1.1.6' ],
36 silly audit   'functions-have-names': [ '1.2.3' ],
36 silly audit   'get-caller-file': [ '2.0.5' ],
36 silly audit   'get-intrinsic': [ '1.2.4' ],
36 silly audit   'get-proxy': [ '1.1.0' ],
36 silly audit   'get-stdin': [ '4.0.1' ],
36 silly audit   'get-stream': [ '3.0.0' ],
36 silly audit   'get-symbol-description': [ '1.0.2' ],
36 silly audit   gifsicle: [ '3.0.4' ],
36 silly audit   'glob-base': [ '0.3.0' ],
36 silly audit   'glob-to-regexp': [ '0.4.1' ],
36 silly audit   'glob-watcher': [ '6.0.0' ],
36 silly audit   'global-modules': [ '1.0.0' ],
36 silly audit   'global-prefix': [ '1.0.2' ],
36 silly audit   globalthis: [ '1.0.4' ],
36 silly audit   globby: [ '6.1.0' ],
36 silly audit   glogg: [ '2.2.0', '1.0.2' ],
36 silly audit   gopd: [ '1.0.1' ],
36 silly audit   got: [ '5.6.0' ],
36 silly audit   'graceful-fs': [ '4.2.11' ],
36 silly audit   'gulp-cli': [ '3.0.0' ],
36 silly audit   yargs: [ '16.2.0', '17.7.2' ],
36 silly audit   'yargs-parser': [ '20.2.9', '21.1.1' ],
36 silly audit   'gulp-decompress': [ '1.2.0' ],
36 silly audit   'gulp-imagemin': [ '4.1.0' ],
36 silly audit   'plugin-error': [ '0.1.2', '1.0.1' ],
36 silly audit   'gulp-sass': [ '5.1.0' ],
36 silly audit   gulplog: [ '1.0.0', '2.2.0' ],
36 silly audit   sparkles: [ '1.0.1', '2.1.0' ],
36 silly audit   'gulp-util': [ '3.0.8' ],
36 silly audit   'replace-ext': [ '0.0.1', '1.0.1', '2.0.0' ],
36 silly audit   'strip-ansi': [ '3.0.1', '6.0.1' ],
36 silly audit   'has-ansi': [ '2.0.0' ],
36 silly audit   'has-bigints': [ '1.0.2' ],
36 silly audit   'has-gulplog': [ '0.1.0' ],
36 silly audit   'has-property-descriptors': [ '1.0.2' ],
36 silly audit   'has-proto': [ '1.0.3' ],
36 silly audit   'has-symbols': [ '1.0.3' ],
36 silly audit   'has-tostringtag': [ '1.0.2' ],
36 silly audit   hasown: [ '2.0.2' ],
36 silly audit   'homedir-polyfill': [ '1.0.3' ],
36 silly audit   'hosted-git-info': [ '2.8.9' ],
36 silly audit   'html-comment-regex': [ '1.1.2' ],
36 silly audit   'http-errors': [ '2.0.0', '1.6.3' ],
36 silly audit   statuses: [ '2.0.1', '1.4.0', '1.5.0', '1.3.1' ],
36 silly audit   'http-proxy': [ '1.18.1' ],
36 silly audit   'iconv-lite': [ '0.4.24', '0.6.3' ],
36 silly audit   'icss-utils': [ '5.1.0' ],
36 silly audit   ieee754: [ '1.2.1' ],
36 silly audit   imagemin: [ '5.3.1' ],
36 silly audit   'imagemin-gifsicle': [ '5.2.0' ],
36 silly audit   'imagemin-jpegtran': [ '5.0.2' ],
36 silly audit   'imagemin-optipng': [ '5.2.1' ],
36 silly audit   'imagemin-svgo': [ '6.0.0' ],
36 silly audit   immutable: [ '3.8.2', '4.3.7' ],
36 silly audit   'import-local': [ '3.2.0' ],
36 silly audit   'indent-string': [ '2.1.0' ],
36 silly audit   inflight: [ '1.0.6' ],
36 silly audit   inherits: [ '2.0.4', '2.0.3' ],
36 silly audit   ini: [ '1.3.8' ],
36 silly audit   'internal-slot': [ '1.0.7' ],
36 silly audit   interpret: [ '3.1.1' ],
36 silly audit   'ip-regex': [ '1.0.3' ],
36 silly audit   'irregular-plurals': [ '1.4.0' ],
36 silly audit   'is-absolute': [ '1.0.0', '0.1.7' ],
36 silly audit   'is-array-buffer': [ '3.0.4' ],
36 silly audit   'is-arrayish': [ '0.2.1' ],
36 silly audit   'is-bigint': [ '1.0.4' ],
36 silly audit   'is-binary-path': [ '2.1.0' ],
36 silly audit   'is-boolean-object': [ '1.1.2' ],
36 silly audit   'is-buffer': [ '1.1.6' ],
36 silly audit   'is-bzip2': [ '1.0.0' ],
36 silly audit   'is-callable': [ '1.2.7' ],
36 silly audit   'is-core-module': [ '2.15.0' ],
36 silly audit   'is-data-view': [ '1.0.1' ],
36 silly audit   'is-date-object': [ '1.0.5' ],
36 silly audit   'is-dotfile': [ '1.0.3' ],
36 silly audit   'is-equal-shallow': [ '0.1.3' ],
36 silly audit   'is-extendable': [ '1.0.1', '0.1.1' ],
36 silly audit   'is-finite': [ '1.1.0' ],
36 silly audit   'is-fullwidth-code-point': [ '3.0.0' ],
36 silly audit   'is-gif': [ '1.0.0' ],
36 silly audit   'is-gzip': [ '1.0.0' ],
36 silly audit   'is-jpg': [ '1.0.1' ],
36 silly audit   'is-natural-number': [ '2.1.1' ],
36 silly audit   'is-negated-glob': [ '1.0.0' ],
36 silly audit   'is-negative-zero': [ '2.0.3' ],
36 silly audit   'is-number-like': [ '1.0.8' ],
36 silly audit   'is-number-object': [ '1.0.7' ],
36 silly audit   'is-obj': [ '1.0.1' ],
36 silly audit   'is-plain-obj': [ '1.1.0' ],
36 silly audit   'is-png': [ '1.1.0' ],
36 silly audit   'is-posix-bracket': [ '0.1.1' ],
36 silly audit   'is-primitive': [ '2.0.0' ],
36 silly audit   'is-promise': [ '2.2.2' ],
36 silly audit   'is-redirect': [ '1.0.0' ],
36 silly audit   'is-regex': [ '1.1.4' ],
36 silly audit   'is-relative': [ '1.0.0', '0.1.3' ],
36 silly audit   'is-retry-allowed': [ '1.2.0' ],
36 silly audit   'is-shared-array-buffer': [ '1.0.3' ],
36 silly audit   'is-stream': [ '1.1.0' ],
36 silly audit   'is-string': [ '1.0.7' ],
36 silly audit   'is-svg': [ '2.1.0' ],
36 silly audit   'is-symbol': [ '1.0.4' ],
36 silly audit   'is-tar': [ '1.0.0' ],
36 silly audit   'is-typed-array': [ '1.1.13' ],
36 silly audit   'is-unc-path': [ '1.0.0' ],
36 silly audit   'is-url': [ '1.2.4' ],
36 silly audit   'is-utf8': [ '0.2.1' ],
36 silly audit   'is-weakref': [ '1.0.2' ],
36 silly audit   'is-windows': [ '1.0.2' ],
36 silly audit   'is-wsl': [ '1.1.0' ],
36 silly audit   'is-zip': [ '1.0.0' ],
36 silly audit   isexe: [ '2.0.0' ],
36 silly audit   'jest-worker': [ '27.5.1' ],
36 silly audit   'jpegtran-bin': [ '3.2.0' ],
36 silly audit   'js-yaml': [ '3.14.1' ],
36 silly audit   'json-parse-even-better-errors': [ '2.3.1' ],
36 silly audit   'json-schema-traverse': [ '0.4.1' ],
36 silly audit   'json-stable-stringify-without-jsonify': [ '1.0.1' ],
36 silly audit   jsonfile: [ '3.0.1' ],
36 silly audit   'last-run': [ '2.0.0' ],
36 silly audit   'lazy-req': [ '1.1.0' ],
36 silly audit   lazystream: [ '1.0.1' ],
36 silly audit   lead: [ '4.0.0' ],
36 silly audit   liftoff: [ '5.0.0' ],
36 silly audit   limiter: [ '1.1.5' ],
36 silly audit   'linguist-languages': [ '7.27.0' ],
36 silly audit   'load-json-file': [ '1.1.0' ],
36 silly audit   'loader-runner': [ '4.3.0' ],
36 silly audit   'locate-path': [ '5.0.0' ],
36 silly audit   lodash: [ '4.17.21' ],
36 silly audit   'lodash._basecopy': [ '3.0.1' ],
36 silly audit   'lodash._basetostring': [ '3.0.1' ],
36 silly audit   'lodash._basevalues': [ '3.0.0' ],
36 silly audit   'lodash._getnative': [ '3.9.1' ],
36 silly audit   'lodash._isiterateecall': [ '3.0.9' ],
36 silly audit   'lodash._reescape': [ '3.0.0' ],
36 silly audit   'lodash._reevaluate': [ '3.0.0' ],
36 silly audit   'lodash._reinterpolate': [ '3.0.0' ],
36 silly audit   'lodash._root': [ '3.0.1' ],
36 silly audit   'lodash.clonedeep': [ '4.5.0' ],
36 silly audit   'lodash.escape': [ '3.2.0' ],
36 silly audit   'lodash.isarguments': [ '3.1.0' ],
36 silly audit   'lodash.isarray': [ '3.0.4' ],
36 silly audit   'lodash.isequal': [ '4.5.0' ],
36 silly audit   'lodash.isfinite': [ '3.3.2' ],
36 silly audit   'lodash.keys': [ '3.1.2' ],
36 silly audit   'lodash.restparam': [ '3.6.1' ],
36 silly audit   'lodash.template': [ '3.6.2' ],
36 silly audit   'lodash.templatesettings': [ '3.1.1' ],
36 silly audit   logalot: [ '2.1.0' ],
36 silly audit   longest: [ '1.0.1' ],
36 silly audit   'loud-rejection': [ '1.6.0' ],
36 silly audit   'lowercase-keys': [ '1.0.1' ],
36 silly audit   'lpad-align': [ '1.1.2' ],
36 silly audit   'lru-cache': [ '4.1.5' ],
36 silly audit   'lru-queue': [ '0.1.0' ],
36 silly audit   'make-dir': [ '1.3.0' ],
36 silly audit   'make-error': [ '1.3.6' ],
36 silly audit   'make-error-cause': [ '1.2.2' ],
36 silly audit   'map-cache': [ '0.2.2' ],
36 silly audit   'map-obj': [ '1.0.1' ],
36 silly audit   'math-random': [ '1.0.4' ],
36 silly audit   memoizee: [ '0.4.17' ],
36 silly audit   meow: [ '3.7.0' ],
36 silly audit   mime: [ '1.4.1' ],
36 silly audit   'mime-db': [ '1.52.0' ],
36 silly audit   'mime-types': [ '2.1.35' ],
36 silly audit   minimatch: [ '3.1.2' ],
36 silly audit   minimist: [ '1.2.8' ],
36 silly audit   mitt: [ '1.2.0' ],
36 silly audit   mkdirp: [ '0.5.6' ],
36 silly audit   multipipe: [ '0.1.2' ],
36 silly audit   'mute-stdout': [ '2.0.0' ],
36 silly audit   nanoid: [ '3.3.7' ],
36 silly audit   negotiator: [ '0.6.3' ],
36 silly audit   'neo-async': [ '2.6.2' ],
36 silly audit   'next-tick': [ '1.1.0' ],
36 silly audit   'node-releases': [ '2.0.18' ],
36 silly audit   'node-status-codes': [ '1.0.0' ],
36 silly audit   'normalize-package-data': [ '2.5.0' ],
36 silly audit   'now-and-later': [ '3.0.0' ],
36 silly audit   'npm-run-path': [ '2.0.2' ],
36 silly audit   'nth-check': [ '1.0.2' ],
36 silly audit   'object-inspect': [ '1.13.2' ],
36 silly audit   'object-keys': [ '1.1.1' ],
36 silly audit   'object.assign': [ '4.1.5' ],
36 silly audit   'object.defaults': [ '1.1.0' ],
36 silly audit   'object.getownpropertydescriptors': [ '2.1.8' ],
36 silly audit   'object.omit': [ '2.0.1' ],
36 silly audit   'object.pick': [ '1.3.0' ],
36 silly audit   'object.values': [ '1.2.0' ],
36 silly audit   'on-finished': [ '2.3.0' ],
36 silly audit   once: [ '1.4.0' ],
36 silly audit   onetime: [ '1.1.0' ],
36 silly audit   opn: [ '5.3.0' ],
36 silly audit   'optipng-bin': [ '3.1.4' ],
36 silly audit   'ordered-read-streams': [ '0.3.0' ],
36 silly audit   'os-filter-obj': [ '1.0.3' ],
36 silly audit   'os-tmpdir': [ '1.0.2' ],
36 silly audit   'p-finally': [ '1.0.0' ],
36 silly audit   'p-limit': [ '2.3.0' ],
36 silly audit   'p-locate': [ '4.1.0' ],
36 silly audit   'p-pipe': [ '1.2.0' ],
36 silly audit   'p-try': [ '2.2.0' ],
36 silly audit   'parse-filepath': [ '1.0.2' ],
36 silly audit   'parse-glob': [ '3.0.4' ],
36 silly audit   'parse-json': [ '2.2.0' ],
36 silly audit   'parse-node-version': [ '1.0.1' ],
36 silly audit   'parse-passwd': [ '1.0.0' ],
36 silly audit   parseurl: [ '1.3.3' ],
36 silly audit   'path-dirname': [ '1.0.2' ],
36 silly audit   'path-exists': [ '2.1.0', '4.0.0' ],
36 silly audit   'path-is-absolute': [ '1.0.1' ],
36 silly audit   'path-key': [ '2.0.1', '3.1.1' ],
36 silly audit   'path-parse': [ '1.0.7' ],
36 silly audit   'path-root': [ '0.1.1' ],
36 silly audit   'path-root-regex': [ '0.1.2' ],
36 silly audit   'path-type': [ '1.1.0' ],
36 silly audit   pend: [ '1.2.0' ],
36 silly audit   'php-parser': [ '3.1.5' ],
36 silly audit   picocolors: [ '1.0.1' ],
36 silly audit   picomatch: [ '2.3.1' ],
36 silly audit   pinkie: [ '2.0.4' ],
36 silly audit   'pinkie-promise': [ '2.0.1' ],
36 silly audit   'pkg-dir': [ '4.2.0' ],
36 silly audit   plur: [ '2.1.2' ],
36 silly audit   portscanner: [ '2.2.0' ],
36 silly audit   'possible-typed-array-names': [ '1.0.0' ],
36 silly audit   postcss: [ '8.4.40' ],
36 silly audit   'postcss-modules-extract-imports': [ '3.1.0' ],
36 silly audit   'postcss-modules-local-by-default': [ '4.0.5' ],
36 silly audit   'postcss-modules-scope': [ '3.2.0' ],
36 silly audit   'postcss-modules-values': [ '4.0.0' ],
36 silly audit   'postcss-selector-parser': [ '6.1.1' ],
36 silly audit   'postcss-value-parser': [ '4.2.0' ],
36 silly audit   'prepend-http': [ '1.0.4' ],
36 silly audit   preserve: [ '0.2.0' ],
36 silly audit   prettier: [ '3.3.3' ],
36 silly audit   'pretty-bytes': [ '4.0.2' ],
36 silly audit   'process-nextick-args': [ '2.0.1' ],
36 silly audit   pseudomap: [ '1.0.2' ],
36 silly audit   punycode: [ '2.3.1' ],
36 silly audit   q: [ '1.5.1' ],
36 silly audit   'queue-tick': [ '1.0.1' ],
36 silly audit   randomatic: [ '3.1.1' ],
36 silly audit   randombytes: [ '2.1.0' ],
36 silly audit   'range-parser': [ '1.2.1' ],
36 silly audit   'raw-body': [ '2.5.2' ],
36 silly audit   rc: [ '1.2.8' ],
36 silly audit   'read-all-stream': [ '3.1.0' ],
36 silly audit   'read-pkg': [ '1.1.0' ],
36 silly audit   'read-pkg-up': [ '1.0.1' ],
36 silly audit   'safe-buffer': [ '5.1.2', '5.2.1' ],
36 silly audit   readdirp: [ '3.6.0' ],
36 silly audit   rechoir: [ '0.8.0' ],
36 silly audit   redent: [ '1.0.0' ],
36 silly audit   'regex-cache': [ '0.4.4' ],
36 silly audit   'regexp.prototype.flags': [ '1.5.2' ],
36 silly audit   'remove-trailing-separator': [ '1.1.0' ],
36 silly audit   'repeat-element': [ '1.1.4' ],
36 silly audit   'repeat-string': [ '1.6.1' ],
36 silly audit   repeating: [ '2.0.1' ],
36 silly audit   'replace-homedir': [ '2.0.0' ],
36 silly audit   'require-directory': [ '2.1.1' ],
36 silly audit   'requires-port': [ '1.0.0' ],
36 silly audit   resolve: [ '1.22.8' ],
36 silly audit   'resolve-cwd': [ '3.0.0' ],
36 silly audit   'resolve-dir': [ '1.0.1' ],
36 silly audit   'resolve-from': [ '5.0.0' ],
36 silly audit   'resolve-options': [ '2.0.0' ],
36 silly audit   'resolve-url': [ '0.2.1' ],
36 silly audit   'resp-modifier': [ '6.0.2' ],
36 silly audit   reusify: [ '1.0.4' ],
36 silly audit   rimraf: [ '2.7.1' ],
36 silly audit   rx: [ '4.1.0' ],
36 silly audit   'safe-array-concat': [ '1.1.2' ],
36 silly audit   'safe-regex-test': [ '1.0.3' ],
36 silly audit   'safer-buffer': [ '2.1.2' ],
36 silly audit   sass: [ '1.77.8' ],
36 silly audit   sax: [ '1.2.4' ],
36 silly audit   'schema-utils': [ '3.3.0' ],
36 silly audit   'seek-bzip': [ '1.0.6' ],
36 silly audit   'semver-greatest-satisfied-range': [ '2.0.0' ],
36 silly audit   'semver-regex': [ '1.0.0' ],
36 silly audit   'semver-truncate': [ '1.1.2' ],
36 silly audit   send: [ '0.16.2' ],
36 silly audit   setprototypeof: [ '1.1.0', '1.2.0' ],
36 silly audit   'serialize-javascript': [ '6.0.2' ],
36 silly audit   'serve-index': [ '1.9.1' ],
36 silly audit   'serve-static': [ '1.13.2' ],
36 silly audit   'server-destroy': [ '1.0.1' ],
36 silly audit   'set-function-length': [ '1.2.2' ],
36 silly audit   'set-function-name': [ '2.0.2' ],
36 silly audit   'set-immediate-shim': [ '1.0.1' ],
36 silly audit   'shallow-clone': [ '3.0.1' ],
36 silly audit   'shebang-command': [ '1.2.0', '2.0.0' ],
36 silly audit   'shebang-regex': [ '1.0.0', '3.0.0' ],
36 silly audit   'side-channel': [ '1.0.6' ],
36 silly audit   'signal-exit': [ '3.0.7' ],
36 silly audit   'socket.io': [ '4.7.5' ],
36 silly audit   'socket.io-adapter': [ '2.5.5' ],
36 silly audit   'socket.io-client': [ '4.7.5' ],
36 silly audit   'socket.io-parser': [ '4.2.4' ],
36 silly audit   'source-map': [ '0.6.1', '0.5.7' ],
36 silly audit   'source-map-js': [ '1.2.0' ],
36 silly audit   'source-map-resolve': [ '0.5.3' ],
36 silly audit   'source-map-support': [ '0.5.21' ],
36 silly audit   'source-map-url': [ '0.4.1' ],
36 silly audit   'spdx-correct': [ '3.2.0' ],
36 silly audit   'spdx-exceptions': [ '2.5.0' ],
36 silly audit   'spdx-expression-parse': [ '3.0.1' ],
36 silly audit   'spdx-license-ids': [ '3.0.18' ],
36 silly audit   'sprintf-js': [ '1.0.3' ],
36 silly audit   squeak: [ '1.3.0' ],
36 silly audit   stable: [ '0.1.8' ],
36 silly audit   'stat-mode': [ '0.2.2' ],
36 silly audit   'stream-combiner2': [ '1.1.1' ],
36 silly audit   'stream-composer': [ '1.0.2' ],
36 silly audit   'stream-exhaust': [ '1.0.2' ],
36 silly audit   'stream-shift': [ '1.0.3' ],
36 silly audit   'stream-throttle': [ '0.1.3' ],
36 silly audit   streamx: [ '2.18.0' ],
36 silly audit   'string-width': [ '4.2.3' ],
36 silly audit   'string.prototype.trim': [ '1.2.9' ],
36 silly audit   'string.prototype.trimend': [ '1.0.8' ],
36 silly audit   'string.prototype.trimstart': [ '1.0.8' ],
36 silly audit   'strip-bom': [ '2.0.0' ],
36 silly audit   'strip-bom-stream': [ '1.0.0' ],
36 silly audit   'strip-bom-string': [ '1.0.0' ],
36 silly audit   'strip-dirs': [ '1.1.1' ],
36 silly audit   'strip-eof': [ '1.0.0' ],
36 silly audit   'strip-indent': [ '1.0.1' ],
36 silly audit   'strip-json-comments': [ '2.0.1' ],
36 silly audit   'strip-outer': [ '1.0.1' ],
36 silly audit   'style-loader': [ '4.0.0' ],
36 silly audit   'sum-up': [ '1.0.3' ],
36 silly audit   'supports-preserve-symlinks-flag': [ '1.0.0' ],
36 silly audit   sver: [ '1.8.4' ],
36 silly audit   svgo: [ '1.3.2' ],
36 silly audit   tapable: [ '2.2.1' ],
36 silly audit   'tar-stream': [ '1.6.2' ],
36 silly audit   teex: [ '1.0.1' ],
36 silly audit   'temp-dir': [ '1.0.0' ],
36 silly audit   uuid: [ '3.4.0', '2.0.3' ],
36 silly audit   terser: [ '5.31.3' ],
36 silly audit   'terser-webpack-plugin': [ '5.3.10' ],
36 silly audit   'text-decoder': [ '1.1.1' ],
36 silly audit   'through2-concurrent': [ '1.1.1' ],
36 silly audit   'through2-filter': [ '2.0.0', '3.0.0' ],
36 silly audit   'time-stamp': [ '1.1.0' ],
36 silly audit   'timed-out': [ '2.0.0' ],
36 silly audit   'timers-ext': [ '0.1.8' ],
36 silly audit   'to-absolute-glob': [ '0.1.1' ],
36 silly audit   'to-buffer': [ '1.1.1' ],
36 silly audit   'to-regex-range': [ '5.0.1' ],
36 silly audit   'to-through': [ '3.0.0' ],
36 silly audit   toidentifier: [ '1.0.1' ],
36 silly audit   'trim-newlines': [ '1.0.0' ],
36 silly audit   'trim-repeated': [ '1.0.0' ],
36 silly audit   'tunnel-agent': [ '0.4.3' ],
36 silly audit   type: [ '2.7.3' ],
36 silly audit   'typed-array-buffer': [ '1.0.2' ],
36 silly audit   'typed-array-byte-length': [ '1.0.1' ],
36 silly audit   'typed-array-byte-offset': [ '1.0.2' ],
36 silly audit   'typed-array-length': [ '1.0.6' ],
36 silly audit   typedarray: [ '0.0.6' ],
36 silly audit   'ua-parser-js': [ '1.0.38' ],
36 silly audit   'uglify-js': [ '3.19.0' ],
36 silly audit   'unbox-primitive': [ '1.0.2' ],
36 silly audit   'unc-path-regex': [ '0.1.2' ],
36 silly audit   undertaker: [ '2.0.0' ],
36 silly audit   'undertaker-registry': [ '2.0.0' ],
36 silly audit   'undici-types': [ '5.26.5' ],
36 silly audit   'unique-stream': [ '2.3.1' ],
36 silly audit   universalify: [ '0.1.2' ],
36 silly audit   unpipe: [ '1.0.0' ],
36 silly audit   unquote: [ '1.1.1' ],
36 silly audit   'unzip-response': [ '1.0.2' ],
36 silly audit   'update-browserslist-db': [ '1.1.0' ],
36 silly audit   'uri-js': [ '4.4.1' ],
36 silly audit   urix: [ '0.1.0' ],
36 silly audit   'url-parse-lax': [ '1.0.0' ],
36 silly audit   'url-regex': [ '3.2.0' ],
36 silly audit   'util-deprecate': [ '1.0.2' ],
36 silly audit   'util.promisify': [ '1.0.1' ],
36 silly audit   'utils-merge': [ '1.0.1' ],
36 silly audit   v8flags: [ '4.0.1' ],
36 silly audit   'vali-date': [ '1.0.0' ],
36 silly audit   'validate-npm-package-license': [ '3.0.4' ],
36 silly audit   'value-or-function': [ '4.0.0' ],
36 silly audit   vary: [ '1.1.2' ],
36 silly audit   'vinyl-assign': [ '1.2.1' ],
36 silly audit   'vinyl-contents': [ '2.0.0' ],
36 silly audit   'vinyl-sourcemap': [ '2.0.0' ],
36 silly audit   'vinyl-sourcemaps-apply': [ '0.2.1' ],
36 silly audit   ware: [ '1.3.0' ],
36 silly audit   watchpack: [ '2.4.1' ],
36 silly audit   webpack: [ '5.93.0' ],
36 silly audit   'webpack-cli': [ '5.1.4' ],
36 silly audit   which: [ '2.0.2', '1.3.1' ],
36 silly audit   'webpack-merge': [ '5.10.0' ],
36 silly audit   'webpack-sources': [ '3.2.3' ],
36 silly audit   'acorn-import-attributes': [ '1.9.5' ],
36 silly audit   'which-boxed-primitive': [ '1.0.2' ],
36 silly audit   'which-typed-array': [ '1.1.15' ],
36 silly audit   wildcard: [ '2.0.1' ],
36 silly audit   'wrap-ansi': [ '7.0.0' ],
36 silly audit   'wrap-fn': [ '0.1.5' ],
36 silly audit   wrappy: [ '1.0.2' ],
36 silly audit   ws: [ '8.17.1' ],
36 silly audit   'xmlhttprequest-ssl': [ '2.0.0' ],
36 silly audit   xtend: [ '4.0.2' ],
36 silly audit   y18n: [ '5.0.8' ],
36 silly audit   yallist: [ '2.1.2' ],
36 silly audit   yauzl: [ '2.10.0' ],
36 silly audit   gulp: [ '5.0.0' ],
36 silly audit   'gulp-clean-css': [ '4.3.0' ],
36 silly audit   'gulp-uglify': [ '3.0.2' ]
36 silly audit }
37 verbose reify failed optional dependency C:\xampp\htdocs\webpage_stable_new\node_modules\fsevents
38 silly reify mark deleted [ 'C:\\xampp\\htdocs\\webpage_stable_new\\node_modules\\fsevents' ]
39 http fetch POST 200 https://registry.npmjs.org/-/npm/v1/security/advisories/bulk 310ms
40 silly audit report {
40 silly audit report   semver: [
40 silly audit report     {
40 silly audit report       id: 1096483,
40 silly audit report       url: 'https://github.com/advisories/GHSA-c2qf-rxjj-qqgw',
40 silly audit report       title: 'semver vulnerable to Regular Expression Denial of Service',
40 silly audit report       severity: 'moderate',
40 silly audit report       vulnerable_versions: '<5.7.2',
40 silly audit report       cwe: [Array],
40 silly audit report       cvss: [Object]
40 silly audit report     }
40 silly audit report   ],
40 silly audit report   braces: [
40 silly audit report     {
40 silly audit report       id: 1089939,
40 silly audit report       url: 'https://github.com/advisories/GHSA-cwfw-4gq5-mrqx',
40 silly audit report       title: 'Regular Expression Denial of Service (ReDoS) in braces',
40 silly audit report       severity: 'low',
40 silly audit report       vulnerable_versions: '<2.3.1',
40 silly audit report       cwe: [Array],
40 silly audit report       cvss: [Object]
40 silly audit report     },
40 silly audit report     {
40 silly audit report       id: 1085715,
40 silly audit report       url: 'https://github.com/advisories/GHSA-g95f-p29q-9xw4',
40 silly audit report       title: 'Regular Expression Denial of Service in braces',
40 silly audit report       severity: 'low',
40 silly audit report       vulnerable_versions: '<2.3.1',
40 silly audit report       cwe: [Array],
40 silly audit report       cvss: [Object]
40 silly audit report     },
40 silly audit report     {
40 silly audit report       id: 1098094,
40 silly audit report       url: 'https://github.com/advisories/GHSA-grv7-fg5c-xmjg',
40 silly audit report       title: 'Uncontrolled resource consumption in braces',
40 silly audit report       severity: 'high',
40 silly audit report       vulnerable_versions: '<3.0.3',
40 silly audit report       cwe: [Array],
40 silly audit report       cvss: [Object]
40 silly audit report     }
40 silly audit report   ],
40 silly audit report   decompress: [
40 silly audit report     {
40 silly audit report       id: 1091741,
40 silly audit report       url: 'https://github.com/advisories/GHSA-qgfr-5hqp-vrw9',
40 silly audit report       title: 'Path Traversal in decompress',
40 silly audit report       severity: 'critical',
40 silly audit report       vulnerable_versions: '<4.2.1',
40 silly audit report       cwe: [Array],
40 silly audit report       cvss: [Object]
40 silly audit report     }
40 silly audit report   ],
40 silly audit report   got: [
40 silly audit report     {
40 silly audit report       id: 1088948,
40 silly audit report       url: 'https://github.com/advisories/GHSA-pfrx-2q88-qq97',
40 silly audit report       title: 'Got allows a redirect to a UNIX socket',
40 silly audit report       severity: 'moderate',
40 silly audit report       vulnerable_versions: '<11.8.5',
40 silly audit report       cwe: [],
40 silly audit report       cvss: [Object]
40 silly audit report     }
40 silly audit report   ],
40 silly audit report   'is-svg': [
40 silly audit report     {
40 silly audit report       id: 1089565,
40 silly audit report       url: 'https://github.com/advisories/GHSA-r8j5-h5cx-65gg',
40 silly audit report       title: 'ReDOS in IS-SVG',
40 silly audit report       severity: 'high',
40 silly audit report       vulnerable_versions: '>=2.1.0 <4.3.0',
40 silly audit report       cwe: [Array],
40 silly audit report       cvss: [Object]
40 silly audit report     },
40 silly audit report     {
40 silly audit report       id: 1094081,
40 silly audit report       url: 'https://github.com/advisories/GHSA-7r28-3m3f-r2pr',
40 silly audit report       title: 'Regular Expression Denial of Service (ReDoS)',
40 silly audit report       severity: 'high',
40 silly audit report       vulnerable_versions: '>=2.1.0 <4.2.2',
40 silly audit report       cwe: [Array],
40 silly audit report       cvss: [Object]
40 silly audit report     }
40 silly audit report   ],
40 silly audit report   'lodash.template': [
40 silly audit report     {
40 silly audit report       id: 1096993,
40 silly audit report       url: 'https://github.com/advisories/GHSA-35jh-r3h4-6jhm',
40 silly audit report       title: 'Command Injection in lodash',
40 silly audit report       severity: 'high',
40 silly audit report       vulnerable_versions: '<=4.5.0',
40 silly audit report       cwe: [Array],
40 silly audit report       cvss: [Object]
40 silly audit report     }
40 silly audit report   ],
40 silly audit report   'nth-check': [
40 silly audit report     {
40 silly audit report       id: 1095141,
40 silly audit report       url: 'https://github.com/advisories/GHSA-rp65-9cf3-cjxr',
40 silly audit report       title: 'Inefficient Regular Expression Complexity in nth-check',
40 silly audit report       severity: 'high',
40 silly audit report       vulnerable_versions: '<2.0.1',
40 silly audit report       cwe: [Array],
40 silly audit report       cvss: [Object]
40 silly audit report     }
40 silly audit report   ],
40 silly audit report   'semver-regex': [
40 silly audit report     {
40 silly audit report       id: 1092475,
40 silly audit report       url: 'https://github.com/advisories/GHSA-44c6-4v22-4mhx',
40 silly audit report       title: 'semver-regex Regular Expression Denial of Service (ReDOS)',
40 silly audit report       severity: 'high',
40 silly audit report       vulnerable_versions: '<3.1.3',
40 silly audit report       cwe: [Array],
40 silly audit report       cvss: [Object]
40 silly audit report     },
40 silly audit report     {
40 silly audit report       id: 1092605,
40 silly audit report       url: 'https://github.com/advisories/GHSA-4x5v-gmq8-25ch',
40 silly audit report       title: 'Regular expression denial of service in semver-regex',
40 silly audit report       severity: 'low',
40 silly audit report       vulnerable_versions: '<3.1.4',
40 silly audit report       cwe: [Array],
40 silly audit report       cvss: [Object]
40 silly audit report     }
40 silly audit report   ],
40 silly audit report   'trim-newlines': [
40 silly audit report     {
40 silly audit report       id: 1095100,
40 silly audit report       url: 'https://github.com/advisories/GHSA-7p7h-4mm5-852v',
40 silly audit report       title: 'Uncontrolled Resource Consumption in trim-newlines',
40 silly audit report       severity: 'high',
40 silly audit report       vulnerable_versions: '<3.0.1',
40 silly audit report       cwe: [Array],
40 silly audit report       cvss: [Object]
40 silly audit report     }
40 silly audit report   ],
40 silly audit report   'tunnel-agent': [
40 silly audit report     {
40 silly audit report       id: 1085744,
40 silly audit report       url: 'https://github.com/advisories/GHSA-xc7v-wxcw-j472',
40 silly audit report       title: 'Memory Exposure in tunnel-agent',
40 silly audit report       severity: 'moderate',
40 silly audit report       vulnerable_versions: '<0.6.0',
40 silly audit report       cwe: [Array],
40 silly audit report       cvss: [Object]
40 silly audit report     }
40 silly audit report   ],
40 silly audit report   'url-regex': [
40 silly audit report     {
40 silly audit report       id: 1087482,
40 silly audit report       url: 'https://github.com/advisories/GHSA-v4rh-8p82-6h5w',
40 silly audit report       title: 'Regular expression denial of service in url-regex',
40 silly audit report       severity: 'high',
40 silly audit report       vulnerable_versions: '<=5.0.0',
40 silly audit report       cwe: [Array],
40 silly audit report       cvss: [Object]
40 silly audit report     }
40 silly audit report   ]
40 silly audit report }
41 silly packumentCache corgi:https://registry.npmjs.org/semver cache-miss
42 silly packumentCache corgi:https://registry.npmjs.org/braces cache-miss
43 silly packumentCache corgi:https://registry.npmjs.org/decompress cache-miss
44 silly packumentCache corgi:https://registry.npmjs.org/got cache-miss
45 silly packumentCache corgi:https://registry.npmjs.org/is-svg cache-miss
46 silly packumentCache corgi:https://registry.npmjs.org/lodash.template cache-miss
47 silly packumentCache corgi:https://registry.npmjs.org/nth-check cache-miss
48 silly packumentCache corgi:https://registry.npmjs.org/semver-regex cache-miss
49 silly packumentCache corgi:https://registry.npmjs.org/trim-newlines cache-miss
50 silly packumentCache corgi:https://registry.npmjs.org/tunnel-agent cache-miss
51 silly packumentCache corgi:https://registry.npmjs.org/url-regex cache-miss
52 http fetch GET 200 https://registry.npmjs.org/semver 45ms (cache revalidated)
53 silly packumentCache corgi:https://registry.npmjs.org/semver set size:92294 disposed:false
54 http fetch GET 200 https://registry.npmjs.org/got 102ms (cache revalidated)
55 silly packumentCache corgi:https://registry.npmjs.org/got set size:321916 disposed:false
56 http fetch GET 200 https://registry.npmjs.org/braces 108ms (cache revalidated)
57 silly packumentCache corgi:https://registry.npmjs.org/braces set size:35919 disposed:false
58 http fetch GET 200 https://registry.npmjs.org/lodash.template 114ms (cache revalidated)
59 silly packumentCache corgi:https://registry.npmjs.org/lodash.template set size:25214 disposed:false
60 http fetch GET 200 https://registry.npmjs.org/tunnel-agent 117ms (cache revalidated)
61 silly packumentCache corgi:https://registry.npmjs.org/tunnel-agent set size:4217 disposed:false
62 http fetch GET 200 https://registry.npmjs.org/trim-newlines 124ms (cache revalidated)
63 silly packumentCache corgi:https://registry.npmjs.org/trim-newlines set size:13898 disposed:false
64 http fetch GET 200 https://registry.npmjs.org/url-regex 136ms (cache revalidated)
65 silly packumentCache corgi:https://registry.npmjs.org/url-regex set size:12985 disposed:false
66 http fetch GET 200 https://registry.npmjs.org/is-svg 654ms (cache revalidated)
67 silly packumentCache corgi:https://registry.npmjs.org/is-svg set size:23743 disposed:false
68 http fetch GET 200 https://registry.npmjs.org/decompress 671ms (cache revalidated)
69 silly packumentCache corgi:https://registry.npmjs.org/decompress set size:31942 disposed:false
70 http fetch GET 200 https://registry.npmjs.org/semver-regex 687ms (cache revalidated)
71 silly packumentCache corgi:https://registry.npmjs.org/semver-regex set size:21291 disposed:false
72 http fetch GET 200 https://registry.npmjs.org/nth-check 729ms (cache revalidated)
73 silly packumentCache corgi:https://registry.npmjs.org/nth-check set size:10078 disposed:false
74 silly packumentCache corgi:https://registry.npmjs.org/bin-version-check cache-miss
75 http fetch GET 200 https://registry.npmjs.org/bin-version-check 606ms (cache revalidated)
76 silly packumentCache corgi:https://registry.npmjs.org/bin-version-check set size:8329 disposed:false
77 silly packumentCache corgi:https://registry.npmjs.org/micromatch cache-miss
78 http fetch GET 200 https://registry.npmjs.org/micromatch 36ms (cache revalidated)
79 silly packumentCache corgi:https://registry.npmjs.org/micromatch set size:71026 disposed:false
80 silly packumentCache corgi:https://registry.npmjs.org/bin-build cache-miss
81 silly packumentCache corgi:https://registry.npmjs.org/gulp-decompress cache-miss
82 http fetch GET 200 https://registry.npmjs.org/bin-build 554ms (cache revalidated)
83 silly packumentCache corgi:https://registry.npmjs.org/bin-build set size:8738 disposed:false
84 http fetch GET 200 https://registry.npmjs.org/gulp-decompress 587ms (cache revalidated)
85 silly packumentCache corgi:https://registry.npmjs.org/gulp-decompress set size:9048 disposed:false
86 silly packumentCache corgi:https://registry.npmjs.org/download cache-miss
87 http fetch GET 200 https://registry.npmjs.org/download 620ms (cache revalidated)
88 silly packumentCache corgi:https://registry.npmjs.org/download set size:59504 disposed:false
89 silly packumentCache corgi:https://registry.npmjs.org/imagemin-svgo cache-miss
90 http fetch GET 200 https://registry.npmjs.org/imagemin-svgo 595ms (cache revalidated)
91 silly packumentCache corgi:https://registry.npmjs.org/imagemin-svgo set size:28780 disposed:false
92 silly packumentCache corgi:https://registry.npmjs.org/gulp-util cache-miss
93 http fetch GET 200 https://registry.npmjs.org/gulp-util 35ms (cache revalidated)
94 silly packumentCache corgi:https://registry.npmjs.org/gulp-util set size:40248 disposed:false
95 silly packumentCache corgi:https://registry.npmjs.org/css-select cache-miss
96 http fetch GET 200 https://registry.npmjs.org/css-select 31ms (cache revalidated)
97 silly packumentCache corgi:https://registry.npmjs.org/css-select set size:44393 disposed:false
98 silly packumentCache corgi:https://registry.npmjs.org/find-versions cache-miss
99 http fetch GET 200 https://registry.npmjs.org/find-versions 567ms (cache revalidated)
100 silly packumentCache corgi:https://registry.npmjs.org/find-versions set size:17210 disposed:false
101 silly packumentCache corgi:https://registry.npmjs.org/meow cache-miss
102 http fetch GET 200 https://registry.npmjs.org/meow 42ms (cache revalidated)
103 silly packumentCache corgi:https://registry.npmjs.org/meow set size:64544 disposed:false
104 silly packumentCache corgi:https://registry.npmjs.org/caw cache-miss
105 http fetch GET 200 https://registry.npmjs.org/caw 567ms (cache revalidated)
106 silly packumentCache corgi:https://registry.npmjs.org/caw set size:4727 disposed:false
107 silly packumentCache corgi:https://registry.npmjs.org/bin-wrapper cache-miss
108 http fetch GET 200 https://registry.npmjs.org/bin-wrapper 580ms (cache revalidated)
109 silly packumentCache corgi:https://registry.npmjs.org/bin-wrapper set size:30384 disposed:false
110 silly packumentCache corgi:https://registry.npmjs.org/glob-stream cache-miss
111 http fetch GET 200 https://registry.npmjs.org/glob-stream 34ms (cache revalidated)
112 silly packumentCache corgi:https://registry.npmjs.org/glob-stream set size:41475 disposed:false
113 silly packumentCache corgi:https://registry.npmjs.org/gifsicle cache-miss
114 silly packumentCache corgi:https://registry.npmjs.org/jpegtran-bin cache-miss
115 silly packumentCache corgi:https://registry.npmjs.org/optipng-bin cache-miss
116 http fetch GET 200 https://registry.npmjs.org/jpegtran-bin 573ms (cache revalidated)
117 silly packumentCache corgi:https://registry.npmjs.org/jpegtran-bin set size:32019 disposed:false
118 http fetch GET 200 https://registry.npmjs.org/gifsicle 576ms (cache revalidated)
119 silly packumentCache corgi:https://registry.npmjs.org/gifsicle set size:33907 disposed:false
120 http fetch GET 200 https://registry.npmjs.org/optipng-bin 601ms (cache revalidated)
121 silly packumentCache corgi:https://registry.npmjs.org/optipng-bin set size:42616 disposed:false
122 silly packumentCache corgi:https://registry.npmjs.org/svgo cache-miss
123 http fetch GET 200 https://registry.npmjs.org/svgo 612ms (cache revalidated)
124 silly packumentCache corgi:https://registry.npmjs.org/svgo set size:124929 disposed:false
125 silly packumentCache corgi:https://registry.npmjs.org/bin-version cache-miss
126 http fetch GET 200 https://registry.npmjs.org/bin-version 574ms (cache revalidated)
127 silly packumentCache corgi:https://registry.npmjs.org/bin-version set size:13004 disposed:false
128 silly packumentCache corgi:https://registry.npmjs.org/executable cache-miss
129 silly packumentCache corgi:https://registry.npmjs.org/lpad-align cache-miss
130 http fetch GET 200 https://registry.npmjs.org/executable 595ms (cache revalidated)
131 silly packumentCache corgi:https://registry.npmjs.org/executable set size:8902 disposed:false
132 http fetch GET 200 https://registry.npmjs.org/lpad-align 596ms (cache revalidated)
133 silly packumentCache corgi:https://registry.npmjs.org/lpad-align set size:6778 disposed:false
134 silly packumentCache corgi:https://registry.npmjs.org/vinyl-fs cache-miss
135 http fetch GET 200 https://registry.npmjs.org/vinyl-fs 54ms (cache revalidated)
136 silly packumentCache corgi:https://registry.npmjs.org/vinyl-fs set size:46545 disposed:false
137 silly packumentCache corgi:https://registry.npmjs.org/imagemin-gifsicle cache-miss
138 http fetch GET 200 https://registry.npmjs.org/imagemin-gifsicle 589ms (cache revalidated)
139 silly packumentCache corgi:https://registry.npmjs.org/imagemin-gifsicle set size:14209 disposed:false
140 silly packumentCache corgi:https://registry.npmjs.org/imagemin-jpegtran cache-miss
141 http fetch GET 200 https://registry.npmjs.org/imagemin-jpegtran 664ms (cache revalidated)
142 silly packumentCache corgi:https://registry.npmjs.org/imagemin-jpegtran set size:13864 disposed:false
143 silly packumentCache corgi:https://registry.npmjs.org/imagemin-optipng cache-miss
144 http fetch GET 200 https://registry.npmjs.org/imagemin-optipng 576ms (cache revalidated)
145 silly packumentCache corgi:https://registry.npmjs.org/imagemin-optipng set size:16540 disposed:false
146 silly packumentCache corgi:https://registry.npmjs.org/gulp-imagemin cache-miss
147 http fetch GET 200 https://registry.npmjs.org/gulp-imagemin 666ms (cache revalidated)
148 silly packumentCache corgi:https://registry.npmjs.org/gulp-imagemin set size:52981 disposed:false
149 silly ADD
150 verbose cwd C:\xampp\htdocs\webpage_stable_new
151 verbose os Windows_NT 10.0.22631
152 verbose node v20.13.1
153 verbose npm  v10.8.2
154 verbose exit 0
155 info ok
